zyxwvutsrqponmlkjihgfedcbabcdefghijklmnopqrstuvwxyz
yyxwvutsrqponmlkjihgfedcbabcdefghijklmnopqrstuvwxyy
xxxwvutsrqponmlkjihgfedcbabcdefghijklmnopqrstuvwxxx
wwwwvutsrqponmlkjihgfedcbabcdefghijklmnopqrstuvwwww
vvvvvutsrqponmlkjihgfedcbabcdefghijklmnopqrstuvvvvv
uuuuuutsrqponmlkjihgfedcbabcdefghijklmnopqrstuuuuuu
tttttttsrqponmlkjihgfedcbabcdefghijklmnopqrsttttttt
ssssssssrqponmlkjihgfedcbabcdefghijklmnopqrssssssss
rrrrrrrrrqponmlkjihgfedcbabcdefghijklmnopqrrrrrrrrr
qqqqqqqqqqponmlkjihgfedcbabcdefghijklmnopqqqqqqqqqq
ppppppppppponmlkjihgfedcbabcdefghijklmnoppppppppppp
oooooooooooonmlkjihgfedcbabcdefghijklmnoooooooooooo
nnnnnnnnnnnnnmlkjihgfedcbabcdefghijklmnnnnnnnnnnnnn
mmmmmmmmmmmmmmlkjihgfedcbabcdefghijklmmmmmmmmmmmmmm
lllllllllllllllkjihgfedcbabcdefghijklllllllllllllll
kkkkkkkkkkkkkkkkjihgfedcbabcdefghijkkkkkkkkkkkkkkkk
jjjjjjjjjjjjjjjjjihgfedcbabcdefghijjjjjjjjjjjjjjjjj
iiiiiiiiiiiiiiiiiihgfedcbabcdefghiiiiiiiiiiiiiiiiii
hhhhhhhhhhhhhhhhhhhgfedcbabcdefghhhhhhhhhhhhhhhhhhh
ggggggggggggggggggggfedcbabcdefgggggggggggggggggggg
fffffffffffffffffffffedcbabcdefffffffffffffffffffff
eeeeeeeeeeeeeeeeeeeeeedcbabcdeeeeeeeeeeeeeeeeeeeeee
dddddddddddddddddddddddcbabcddddddddddddddddddddddd
ccccccccccccccccccccccccbabcccccccccccccccccccccccc
bbbbbbbbbbbbbbbbbbbbbbbbbabbbbbbbbbbbbbbbbbbbbbbbbb
aaaaaaaaaaaaaaaaaaaaaaaaaaaaaaaaaaaaaaaaaaaaaaaaaaa
bbbbbbbbbbbbbbbbbbbbbbbbbabbbbbbbbbbbbbbbbbbbbbbbbb
ccccccccccccccccccccccccbabcccccccccccccccccccccccc
dddddddddddddddddddddddcbabcddddddddddddddddddddddd
eeeeeeeeeeeeeeeeeeeeeedcbabcdeeeeeeeeeeeeeeeeeeeeee
fffffffffffffffffffffedcbabcdefffffffffffffffffffff
ggggggggggggggggggggfedcbabcdefgggggggggggggggggggg
hhhhhhhhhhhhhhhhhhhgfedcbabcdefghhhhhhhhhhhhhhhhhhh
iiiiiiiiiiiiiiiiiihgfedcbabcdefghiiiiiiiiiiiiiiiiii
jjjjjjjjjjjjjjjjjihgfedcbabcdefghijjjjjjjjjjjjjjjjj
kkkkkkkkkkkkkkkkjihgfedcbabcdefghijkkkkkkkkkkkkkkkk
lllllllllllllllkjihgfedcbabcdefghijklllllllllllllll
mmmmmmmmmmmmmmlkjihgfedcbabcdefghijklmmmmmmmmmmmmmm
nnnnnnnnnnnnnmlkjihgfedcbabcdefghijklmnnnnnnnnnnnnn
oooooooooooonmlkjihgfedcbabcdefghijklmnoooooooooooo
ppppppppppponmlkjihgfedcbabcdefghijklmnoppppppppppp
qqqqqqqqqqponmlkjihgfedcbabcdefghijklmnopqqqqqqqqqq
rrrrrrrrrqponmlkjihgfedcbabcdefghijklmnopqrrrrrrrrr
ssssssssrqponmlkjihgfedcbabcdefghijklmnopqrssssssss
tttttttsrqponmlkjihgfedcbabcdefghijklmnopqrsttttttt
uuuuuutsrqponmlkjihgfedcbabcdefghijklmnopqrstuuuuuu
vvvvvutsrqponmlkjihgfedcbabcdefghijklmnopqrstuvvvvv
wwwwvutsrqponmlkjihgfedcbabcdefghijklmnopqrstuvwwww
xxxwvutsrqponmlkjihgfedcbabcdefghijklmnopqrstuvwxxx
yyxwvutsrqponmlkjihgfedcbabcdefghijklmnopqrstuvwxyy
zyxwvutsrqponmlkjihgfedcbabcdefghijklmnopqrstuvwxyz



abcdefghijklmnopqrstuvwxyzyxwvutsrqponmlkjihgfedcba
babcdefghijklmnopqrstuvwxyxwvutsrqponmlkjihgfedcbab
cbabcdefghijklmnopqrstuvwxwvutsrqponmlkjihgfedcbabc
dcbabcdefghijklmnopqrstuvwvutsrqponmlkjihgfedcbabcd
edcbabcdefghijklmnopqrstuvutsrqponmlkjihgfedcbabcde
fedcbabcdefghijklmnopqrstutsrqponmlkjighfedcbabcdef
gfedcbabcdefghijklmnopqrstsrqponmlkjihgfedcbabcdefg
hgfedcbabcdefghijklmnopqrsrqponmlkjihgfedcbabcdefgh
ihgfedcbabcdefghijklmnopqrqponmlkjihgfedcbabcdefghi
jihgfedcbabcdefghijklmnopqponmlkjihgfedcbabcdefghij
kjihgfedcbabcdefghijklmnoponmlkjihgfedcbabcdefghijk
lkjihgfedcbabcdefghijklmnonmlkjihgfedcbabcdefghijkl
mlkjihgfedcbabcdefghijklmnmlkjihgfedcbabcdefghijklm
nmlkjihgfedcbabcdefghijklmlkjihgfedcbabcdefghijklmn
onmlkjighfedcbabcdefghijklkjihgfedcbabcdefghijklmno
ponmlkjihgfedcbabcdefghijkjihgfedcbabcdefghijklmnop
qponmlkjihgfedcbabcdefghijihgfedcbabcdefghijklmnopq
rqponmlkjihgfedcbabcdefghihgfedcbabcdefghijklmnopqr
srqponmlkjihgfedcbabcdefghgfedcbabcdefghijklmnopqrs
tsrqponmlkjihgfedcbabcdefgfedcbabcdefghijklmnopqrst
utsrqponmlkjihgfedcbabcdefedcbabcdefghijklmnopqrstu
vutsrqponmlkjihgfedcbabcdedcbabcdefghijklmnopqrstuv
wvutsrqponmlkjihgfedcbabcdcbabcdefghijklmnopqrstuvw
xwvutsrqponmlkjihgfedcbabcbabcdefghijklmnopqrstuvwx
yxwvutsrqponmlkjihgfedcbababcdefghijklmnopqrstuvwxy
zyxwvutsrqponmlkjihgfedcbabcdefghijklmnopqrstuvwxyz
yxwvutsrqponmlkjihgfedcbababcdefghijklmnopqrstuvwxy
xwvutsrqponmlkjihgfedcbabcbabcdefghijklmnopqrstuvwx
wvutsrqponmlkjihgfedcbabcdcbabcdefghijklmnopqrstuvw
vutsrqponmlkjihgfedcbabcdedcbabcdefghijklmnopqrstuv
utsrqponmlkjihgfedcbabcdefedcbabcdefghijklmnopqrstu
tsrqponmlkjihgfedcbabcdefgfedcbabcdefghijklmnopqrst
srqponmlkjihgfedcbabcdefghgfedcbabcdefghijklmnopqrs
rqponmlkjihgfedcbabcdefghihgfedcbabcdefghijklmnopqr
qponmlkjihgfedcbabcdefghijihgfedcbabcdefghijklmnopq
ponmlkjihgfedcbabcdefghijkjihgfedcbabcdefghijklmnop
onmlkjighfedcbabcdefghijklkjihgfedcbabcdefghijklmno
nmlkjihgfedcbabcdefghijklmlkjihgfedcbabcdefghijklmn
mlkjihgfedcbabcdefghijklmnmlkjihgfedcbabcdefghijklm
lkjihgfedcbabcdefghijklmnonmlkjihgfedcbabcdefghijkl
kjihgfedcbabcdefghijklmnoponmlkjihgfedcbabcdefghijk
jihgfedcbabcdefghijklmnopqponmlkjihgfedcbabcdefghij
ihgfedcbabcdefghijklmnopqrqponmlkjihgfedcbabcdefghi
hgfedcbabcdefghijklmnopqrsrqponmlkjihgfedcbabcdefgh
gfedcbabcdefghijklmnopqrstsrqponmlkjihgfedcbabcdefg
fedcbabcdefghijklmnopqrstutsrqponmlkjighfedcbabcdef
edcbabcdefghijklmnopqrstuvutsrqponmlkjihgfedcbabcde
dcbabcdefghijklmnopqrstuvwvutsrqponmlkjihgfedcbabcd
cbabcdefghijklmnopqrstuvwxwvutsrqponmlkjihgfedcbabc
babcdefghijklmnopqrstuvwxyxwvutsrqponmlkjihgfedcbab
abcdefghijklmnopqrstuvwxyzyxwvutsrqponmlkjihgfedcba

